[13:32:14] [main/INFO]: Setting user: Player560
[13:32:14] [Client thread/INFO]: LWJGL Version: 2.9.1
[13:32:19] [Client thread/INFO]: Reloading ResourceManager: Default, FMLFileResourcePack:Forge Mod Loader, FMLFileResourcePack:Minecraft Forge, FMLFileResourcePack:Chaos Awakens
[13:32:20] [Sound Library Loader/INFO]: Sound engine started
[13:32:20] [Client thread/INFO]: Created: 16x16 textures/blocks-atlas
[13:32:20] [Client thread/INFO]: Created: 16x16 textures/items-atlas
[13:32:20] [Client thread/INFO]: Reloading ResourceManager: Default, FMLFileResourcePack:Forge Mod Loader, FMLFileResourcePack:Minecraft Forge, FMLFileResourcePack:Chaos Awakens
[13:32:21] [Client thread/INFO]: Created: 512x256 textures/blocks-atlas
[13:32:21] [Client thread/INFO]: Created: 256x256 textures/items-atlas
[13:32:22] [Sound Library Loader/INFO]: Sound engine started
[13:32:27] [Server thread/INFO]: Starting integrated minecraft server version 1.7.10
[13:32:27] [Server thread/INFO]: Generating keypair
[13:32:27] [Server thread/INFO]: Preparing start region for level 0
[13:32:28] [Server thread/INFO]: Changing view distance to 12, from 10
[13:32:28] [Server thread/INFO]: Player560[local:E:8c4a4ae1] logged in with entity id 233 at (-190.59514319616557, 68.67325116874694, -231.75180771659927)
[13:32:28] [Server thread/INFO]: Player560 joined the game
[13:32:38] [Server thread/INFO]: [Player560: Object successfully summoned]
[13:32:38] [Client thread/INFO]: [CHAT] Object successfully summoned
[13:32:56] [Server thread/INFO]: [Player560: Object successfully summoned]
[13:32:56] [Client thread/INFO]: [CHAT] Object successfully summoned
[13:32:59] [Server thread/INFO]: [Player560: Object successfully summoned]
[13:32:59] [Client thread/INFO]: [CHAT] Object successfully summoned
[13:33:23] [Client thread/INFO]: Warning: Clientside chunk ticking took 312 ms
[13:33:23] [Client thread/INFO]: Warning: Clientside chunk ticking took 312 ms
[13:33:24] [Client thread/INFO]: Warning: Clientside chunk ticking took 335 ms
[13:33:24] [Client thread/INFO]: Warning: Clientside chunk ticking took 233 ms
[13:33:42] [Server thread/INFO]: [Player560: Object successfully summoned]
[13:33:42] [Client thread/INFO]: [CHAT] Object successfully summoned
[13:33:49] [Server thread/INFO]: [Player560: Object successfully summoned]
[13:33:49] [Client thread/INFO]: [CHAT] Object successfully summoned
[13:33:51] [Server thread/INFO]: [Player560: Object successfully summoned]
[13:33:51] [Client thread/INFO]: [CHAT] Object successfully summoned
[13:33:52] [Server thread/INFO]: [Player560: Object successfully summoned]
[13:33:52] [Client thread/INFO]: [CHAT] Object successfully summoned
[13:33:53] [Server thread/INFO]: [Player560: Object successfully summoned]
[13:33:53] [Client thread/INFO]: [CHAT] Object successfully summoned
[13:33:53] [Server thread/INFO]: [Player560: Object successfully summoned]
[13:33:53] [Client thread/INFO]: [CHAT] Object successfully summoned
[13:33:54] [Server thread/INFO]: [Player560: Object successfully summoned]
[13:33:54] [Client thread/INFO]: [CHAT] Object successfully summoned
[13:33:55] [Server thread/INFO]: [Player560: Object successfully summoned]
[13:33:55] [Client thread/INFO]: [CHAT] Object successfully summoned
[13:33:55] [Server thread/INFO]: [Player560: Object successfully summoned]
[13:33:55] [Client thread/INFO]: [CHAT] Object successfully summoned
[13:33:56] [Server thread/INFO]: Saving and pausing game...
[13:33:56] [Server thread/INFO]: Saving chunks for level 'New World'/Overworld
[13:33:56] [Server thread/INFO]: Saving chunks for level 'New World'/Nether
[13:33:56] [Server thread/INFO]: Saving chunks for level 'New World'/The End
[13:34:09] [Client thread/INFO]: [CHAT] Apple Cow, MinecartChest, EyeOfEnderSignal, ItemFrame, MinecartCommandBlock, Item, EntityHorse, Fireball, EnderDragon, MinecartTNT, Villager, ThrownPotion, SnowMan, LeashKnot, Arrow, MushroomCow, LavaSlime, Zombie, MinecartSpawner, EnderCrystal, Snowball, Enderman, CaveSpider, MinecartHopper, XPOrb, ThrownExpBottle, FireworksRocketEntity, Chicken, FallingSand, GoldenAppleCow, Giant, VillagerGolem, PrimedTnt, Creeper, ThrownEnderpearl, Silverfish, Squid, Monster, Skeleton, SmallFireball, MinecartRideable, Wolf, Witch, Mob, Ozelot, Cow, Slime, Painting, Pig, MinecartFurnace, Bat, Blaze, WitherBoss, PigZombie, Spider, Ghast, Sheep, WitherSkull, Enchanted Golden Apple Cow, Boat
[13:34:10] [Server thread/WARN]: Skipping Entity with id Apple
[13:34:10] [Server thread/INFO]: [Player560: Unable to summon object]
[13:34:10] [Client thread/INFO]: [CHAT] Unable to summon object
[13:34:26] [Client thread/INFO]: [CHAT] 'Golden' is not a valid number
[13:36:13] [Client thread/INFO]: Stopping!
[13:3[13:36:13] [Client thread/INFO]: LWJGL Version: 2.9.1
[13:36:18] [Client thread/INFO]: Reloading ResourceManager: Default, FMLFileResourcePack:Forge Mod Loader, FMLFileResourcePack:Minecraft Forge, FMLFileResourcePack:Chaos Awakens
[13:36:19] [Sound Library Loader/INFO]: Sound engine started
[13:36:19] [Client thread/INFO]: Created: 16x16 textures/blocks-atlas
[13:36:19] [Client thread/INFO]: Created: 16x16 textures/items-atlas
[13:36:20] [Client thread/INFO]: Reloading ResourceManager: Default, FMLFileResourcePack:Forge Mod Loader, FMLFileResourcePack:Minecraft Forge, FMLFileResourcePack:Chaos Awakens
[13:36:20] [Client thread/INFO]: Created: 512x256 textures/blocks-atlas
[13:36:20] [Client thread/INFO]: Created: 256x256 textures/items-atlas
[13:36:21] [Sound Library Loader/INFO]: Sound engine started
[13:36:27] [Server thread/INFO]: Starting integrated minecraft server version 1.7.10
[13:36:27] [Server thread/INFO]: Generating keypair
[13:36:27] [Server thread/INFO]: Preparing start region for level 0
[13:36:28] [Server thread/INFO]: Changing view distance to 12, from 10
[13:36:28] [Server thread/INFO]: Player481[local:E:8a2e2350] logged in with entity id 229 at (-126.53285871767204, 65.0, -232.22089000843624)
[13:36:28] [Server thread/INFO]: Player481 joined the game
[13:36:35] [Client thread/INFO]: [CHAT] GoldenAppleCow, Giant, Ghast
[13:36:36] [Server thread/INFO]: [Player481: Object successfully summoned]
[13:36:36] [Client thread/INFO]: [CHAT] Object successfully summoned
